# JRE version: OpenJDK Runtime Environment Temurin-21.0.7+6 (21.0.7+6) (build 21.0.7+6-LTS)
# Java VM: OpenJDK 64-Bit Server VM Temurin-21.0.7+6 (21.0.7+6-LTS, mixed mode, sharing, tiered, compressed oops, compressed class ptrs, parallel gc, windows-amd64)
GC Precious Log:
 CardTable entry size: 512
 CPUs: 12 total, 12 available
 Memory: 16108M
 Large Page Support: Disabled
 NUMA Support: Disabled
 Compressed Oops: Enabled (32-bit)
 Alignments: Space 512K, Generation 512K, Heap 2M
 Heap Min Capacity: 100M
 Heap Initial Capacity: 100M
 Heap Max Capacity: 2G
 Pre-touch: Disabled
 Parallel Workers: 10
Heap:
 PSYoungGen      total 5120K, used 1172K [0x00000000d5580000, 0x00000000d5b80000, 0x0000000100000000)
  eden space 4096K, 8% used [0x00000000d5580000,0x00000000d55d5208,0x00000000d5980000)
  from space 1024K, 81% used [0x00000000d5a80000,0x00000000d5b50000,0x00000000d5b80000)
  to   space 1024K, 0% used [0x00000000d5980000,0x00000000d5980000,0x00000000d5a80000)
 ParOldGen       total 266752K, used 266476K [0x0000000080000000, 0x0000000090480000, 0x00000000d5580000)
  object space 266752K, 99% used [0x0000000080000000,0x000000009043b370,0x0000000090480000)
 Metaspace       used 57983K, committed 59200K, reserved 1114112K
  class space    used 5924K, committed 6464K, reserved 1048576K
GC Heap History (20 events):
Event: 39.715 GC heap after
{Heap after GC invocations=222 (full 2):
 PSYoungGen      total 4096K, used 884K [0x00000000d5580000, 0x00000000d5a80000, 0x0000000100000000)
  eden space 3072K, 0% used [0x00000000d5580000,0x00000000d5580000,0x00000000d5880000)
  from space 1024K, 86% used [0x00000000d5980000,0x00000000d5a5d180,0x00000000d5a80000)
  to   space 1024K, 0% used [0x00000000d5880000,0x00000000d5880000,0x00000000d5980000)
 ParOldGen       total 257536K, used 257278K [0x0000000080000000, 0x000000008fb80000, 0x00000000d5580000)
  object space 257536K, 99% used [0x0000000080000000,0x000000008fb3f920,0x000000008fb80000)
 Metaspace       used 57817K, committed 59072K, reserved 1114112K
  class space    used 5922K, committed 6464K, reserved 1048576K
}
Event: 39.725 GC heap before
{Heap before GC invocations=223 (full 2):
 PSYoungGen      total 4096K, used 3955K [0x00000000d5580000, 0x00000000d5a80000, 0x0000000100000000)
  eden space 3072K, 99% used [0x00000000d5580000,0x00000000d587fde8,0x00000000d5880000)
  from space 1024K, 86% used [0x00000000d5980000,0x00000000d5a5d180,0x00000000d5a80000)
  to   space 1024K, 0% used [0x00000000d5880000,0x00000000d5880000,0x00000000d5980000)
 ParOldGen       total 257536K, used 257278K [0x0000000080000000, 0x000000008fb80000, 0x00000000d5580000)
  object space 257536K, 99% used [0x0000000080000000,0x000000008fb3f920,0x000000008fb80000)
 Metaspace       used 57829K, committed 59072K, reserved 1114112K
  class space    used 5922K, committed 6464K, reserved 1048576K
}
Event: 39.727 GC heap after
{Heap after GC invocations=223 (full 2):
 PSYoungGen      total 4096K, used 896K [0x00000000d5580000, 0x00000000d5a80000, 0x0000000100000000)
  eden space 3072K, 0% used [0x00000000d5580000,0x00000000d5580000,0x00000000d5880000)
  from space 1024K, 87% used [0x00000000d5880000,0x00000000d5960020,0x00000000d5980000)
  to   space 1024K, 0% used [0x00000000d5980000,0x00000000d5980000,0x00000000d5a80000)
 ParOldGen       total 258048K, used 258018K [0x0000000080000000, 0x000000008fc00000, 0x00000000d5580000)
  object space 258048K, 99% used [0x0000000080000000,0x000000008fbf89e8,0x000000008fc00000)
 Metaspace       used 57829K, committed 59072K, reserved 1114112K
  class space    used 5922K, committed 6464K, reserved 1048576K
}
Event: 39.741 GC heap before
{Heap before GC invocations=224 (full 2):
 PSYoungGen      total 4096K, used 3968K [0x00000000d5580000, 0x00000000d5a80000, 0x0000000100000000)
  eden space 3072K, 100% used [0x00000000d5580000,0x00000000d5880000,0x00000000d5880000)
  from space 1024K, 87% used [0x00000000d5880000,0x00000000d5960020,0x00000000d5980000)
  to   space 1024K, 0% used [0x00000000d5980000,0x00000000d5980000,0x00000000d5a80000)
 ParOldGen       total 258048K, used 258018K [0x0000000080000000, 0x000000008fc00000, 0x00000000d5580000)
  object space 258048K, 99% used [0x0000000080000000,0x000000008fbf89e8,0x000000008fc00000)
 Metaspace       used 57835K, committed 59072K, reserved 1114112K
  class space    used 5922K, committed 6464K, reserved 1048576K
}
Event: 39.742 GC heap after
{Heap after GC invocations=224 (full 2):
 PSYoungGen      total 4096K, used 887K [0x00000000d5580000, 0x00000000d5a80000, 0x0000000100000000)
  eden space 3072K, 0% used [0x00000000d5580000,0x00000000d5580000,0x00000000d5880000)
  from space 1024K, 86% used [0x00000000d5980000,0x00000000d5a5dce0,0x00000000d5a80000)
  to   space 1024K, 0% used [0x00000000d5880000,0x00000000d5880000,0x00000000d5980000)
 ParOldGen       total 259072K, used 258726K [0x0000000080000000, 0x000000008fd00000, 0x00000000d5580000)
  object space 259072K, 99% used [0x0000000080000000,0x000000008fca9ad8,0x000000008fd00000)
 Metaspace       used 57835K, committed 59072K, reserved 1114112K
  class space    used 5922K, committed 6464K, reserved 1048576K
}
Event: 39.754 GC heap before
{Heap before GC invocations=225 (full 2):
 PSYoungGen      total 4096K, used 3959K [0x00000000d5580000, 0x00000000d5a80000, 0x0000000100000000)
  eden space 3072K, 100% used [0x00000000d5580000,0x00000000d5880000,0x00000000d5880000)
  from space 1024K, 86% used [0x00000000d5980000,0x00000000d5a5dce0,0x00000000d5a80000)
  to   space 1024K, 0% used [0x00000000d5880000,0x00000000d5880000,0x00000000d5980000)
 ParOldGen       total 259072K, used 258726K [0x0000000080000000, 0x000000008fd00000, 0x00000000d5580000)
  object space 259072K, 99% used [0x0000000080000000,0x000000008fca9ad8,0x000000008fd00000)
 Metaspace       used 57842K, committed 59072K, reserved 1114112K
  class space    used 5923K, committed 6464K, reserved 1048576K
}
Event: 39.755 GC heap after
{Heap after GC invocations=225 (full 2):
 PSYoungGen      total 4096K, used 992K [0x00000000d5580000, 0x00000000d5a80000, 0x0000000100000000)
  eden space 3072K, 0% used [0x00000000d5580000,0x00000000d5580000,0x00000000d5880000)
  from space 1024K, 96% used [0x00000000d5880000,0x00000000d5978020,0x00000000d5980000)
  to   space 1024K, 0% used [0x00000000d5980000,0x00000000d5980000,0x00000000d5a80000)
 ParOldGen       total 259584K, used 259484K [0x0000000080000000, 0x000000008fd80000, 0x00000000d5580000)
  object space 259584K, 99% used [0x0000000080000000,0x000000008fd671b8,0x000000008fd80000)
 Metaspace       used 57842K, committed 59072K, reserved 1114112K
  class space    used 5923K, committed 6464K, reserved 1048576K
}
Event: 39.768 GC heap before
{Heap before GC invocations=226 (full 2):
 PSYoungGen      total 4096K, used 4064K [0x00000000d5580000, 0x00000000d5a80000, 0x0000000100000000)
  eden space 3072K, 100% used [0x00000000d5580000,0x00000000d5880000,0x00000000d5880000)
  from space 1024K, 96% used [0x00000000d5880000,0x00000000d5978020,0x00000000d5980000)
  to   space 1024K, 0% used [0x00000000d5980000,0x00000000d5980000,0x00000000d5a80000)
 ParOldGen       total 259584K, used 259484K [0x0000000080000000, 0x000000008fd80000, 0x00000000d5580000)
  object space 259584K, 99% used [0x0000000080000000,0x000000008fd671b8,0x000000008fd80000)
 Metaspace       used 57856K, committed 59072K, reserved 1114112K
  class space    used 5923K, committed 6464K, reserved 1048576K
}
Event: 39.770 GC heap after
{Heap after GC invocations=226 (full 2):
 PSYoungGen      total 4096K, used 864K [0x00000000d5580000, 0x00000000d5a80000, 0x0000000100000000)
  eden space 3072K, 0% used [0x00000000d5580000,0x00000000d5580000,0x00000000d5880000)
  from space 1024K, 84% used [0x00000000d5980000,0x00000000d5a58000,0x00000000d5a80000)
  to   space 1024K, 0% used [0x00000000d5880000,0x00000000d5880000,0x00000000d5980000)
 ParOldGen       total 260608K, used 260317K [0x0000000080000000, 0x000000008fe80000, 0x00000000d5580000)
  object space 260608K, 99% used [0x0000000080000000,0x000000008fe37428,0x000000008fe80000)
 Metaspace       used 57856K, committed 59072K, reserved 1114112K
  class space    used 5923K, committed 6464K, reserved 1048576K
}
Event: 39.786 GC heap before
{Heap before GC invocations=227 (full 2):
 PSYoungGen      total 4096K, used 3936K [0x00000000d5580000, 0x00000000d5a80000, 0x0000000100000000)
  eden space 3072K, 100% used [0x00000000d5580000,0x00000000d5880000,0x00000000d5880000)
  from space 1024K, 84% used [0x00000000d5980000,0x00000000d5a58000,0x00000000d5a80000)
  to   space 1024K, 0% used [0x00000000d5880000,0x00000000d5880000,0x00000000d5980000)
 ParOldGen       total 260608K, used 260317K [0x0000000080000000, 0x000000008fe80000, 0x00000000d5580000)
  object space 260608K, 99% used [0x0000000080000000,0x000000008fe37428,0x000000008fe80000)
 Metaspace       used 57893K, committed 59136K, reserved 1114112K
  class space    used 5923K, committed 6464K, reserved 1048576K
}
Event: 39.788 GC heap after
{Heap after GC invocations=227 (full 2):
 PSYoungGen      total 4096K, used 756K [0x00000000d5580000, 0x00000000d5a80000, 0x0000000100000000)
  eden space 3072K, 0% used [0x00000000d5580000,0x00000000d5580000,0x00000000d5880000)
  from space 1024K, 73% used [0x00000000d5880000,0x00000000d593d2c8,0x00000000d5980000)
  to   space 1024K, 0% used [0x00000000d5980000,0x00000000d5980000,0x00000000d5a80000)
 ParOldGen       total 261120K, used 261104K [0x0000000080000000, 0x000000008ff00000, 0x00000000d5580000)
  object space 261120K, 99% used [0x0000000080000000,0x000000008fefc0e8,0x000000008ff00000)
 Metaspace       used 57893K, committed 59136K, reserved 1114112K
  class space    used 5923K, committed 6464K, reserved 1048576K
}
Event: 39.802 GC heap before
{Heap before GC invocations=228 (full 2):
 PSYoungGen      total 4096K, used 3828K [0x00000000d5580000, 0x00000000d5a80000, 0x0000000100000000)
  eden space 3072K, 100% used [0x00000000d5580000,0x00000000d5880000,0x00000000d5880000)
  from space 1024K, 73% used [0x00000000d5880000,0x00000000d593d2c8,0x00000000d5980000)
  to   space 1024K, 0% used [0x00000000d5980000,0x00000000d5980000,0x00000000d5a80000)
 ParOldGen       total 261120K, used 261104K [0x0000000080000000, 0x000000008ff00000, 0x00000000d5580000)
  object space 261120K, 99% used [0x0000000080000000,0x000000008fefc0e8,0x000000008ff00000)
 Metaspace       used 57903K, committed 59136K, reserved 1114112K
  class space    used 5923K, committed 6464K, reserved 1048576K
}
Event: 39.804 GC heap after
{Heap after GC invocations=228 (full 2):
 PSYoungGen      total 4096K, used 896K [0x00000000d5580000, 0x00000000d5a80000, 0x0000000100000000)
  eden space 3072K, 0% used [0x00000000d5580000,0x00000000d5580000,0x00000000d5880000)
  from space 1024K, 87% used [0x00000000d5980000,0x00000000d5a60000,0x00000000d5a80000)
  to   space 1024K, 0% used [0x00000000d5880000,0x00000000d5880000,0x00000000d5980000)
 ParOldGen       total 262144K, used 261785K [0x0000000080000000, 0x0000000090000000, 0x00000000d5580000)
  object space 262144K, 99% used [0x0000000080000000,0x000000008ffa6748,0x0000000090000000)
 Metaspace       used 57903K, committed 59136K, reserved 1114112K
  class space    used 5923K, committed 6464K, reserved 1048576K
}
Event: 39.817 GC heap before
{Heap before GC invocations=229 (full 2):
 PSYoungGen      total 4096K, used 3968K [0x00000000d5580000, 0x00000000d5a80000, 0x0000000100000000)
  eden space 3072K, 100% used [0x00000000d5580000,0x00000000d5880000,0x00000000d5880000)
  from space 1024K, 87% used [0x00000000d5980000,0x00000000d5a60000,0x00000000d5a80000)
  to   space 1024K, 0% used [0x00000000d5880000,0x00000000d5880000,0x00000000d5980000)
 ParOldGen       total 262144K, used 261785K [0x0000000080000000, 0x0000000090000000, 0x00000000d5580000)
  object space 262144K, 99% used [0x0000000080000000,0x000000008ffa6748,0x0000000090000000)
 Metaspace       used 57907K, committed 59136K, reserved 1114112K
  class space    used 5923K, committed 6464K, reserved 1048576K
}
Event: 39.819 GC heap after
{Heap after GC invocations=229 (full 2):
 PSYoungGen      total 4096K, used 1006K [0x00000000d5580000, 0x00000000d5b80000, 0x0000000100000000)
  eden space 3072K, 0% used [0x00000000d5580000,0x00000000d5580000,0x00000000d5880000)
  from space 1024K, 98% used [0x00000000d5880000,0x00000000d597bbc0,0x00000000d5980000)
  to   space 1536K, 0% used [0x00000000d5a00000,0x00000000d5a00000,0x00000000d5b80000)
 ParOldGen       total 262656K, used 262543K [0x0000000080000000, 0x0000000090080000, 0x00000000d5580000)
  object space 262656K, 99% used [0x0000000080000000,0x0000000090063e30,0x0000000090080000)
 Metaspace       used 57907K, committed 59136K, reserved 1114112K
  class space    used 5923K, committed 6464K, reserved 1048576K
}
Event: 39.836 GC heap before
{Heap before GC invocations=230 (full 2):
 PSYoungGen      total 4096K, used 4078K [0x00000000d5580000, 0x00000000d5b80000, 0x0000000100000000)
  eden space 3072K, 99% used [0x00000000d5580000,0x00000000d587fff8,0x00000000d5880000)
  from space 1024K, 98% used [0x00000000d5880000,0x00000000d597bbc0,0x00000000d5980000)
  to   space 1536K, 0% used [0x00000000d5a00000,0x00000000d5a00000,0x00000000d5b80000)
 ParOldGen       total 262656K, used 262543K [0x0000000080000000, 0x0000000090080000, 0x00000000d5580000)
  object space 262656K, 99% used [0x0000000080000000,0x0000000090063e30,0x0000000090080000)
 Metaspace       used 57953K, committed 59200K, reserved 1114112K
  class space    used 5923K, committed 6464K, reserved 1048576K
}
Event: 39.838 GC heap after
{Heap after GC invocations=230 (full 2):
 PSYoungGen      total 4608K, used 1177K [0x00000000d5580000, 0x00000000d5b80000, 0x0000000100000000)
  eden space 3072K, 0% used [0x00000000d5580000,0x00000000d5580000,0x00000000d5880000)
  from space 1536K, 76% used [0x00000000d5a00000,0x00000000d5b26440,0x00000000d5b80000)
  to   space 1536K, 0% used [0x00000000d5880000,0x00000000d5880000,0x00000000d5a00000)
 ParOldGen       total 263680K, used 263327K [0x0000000080000000, 0x0000000090180000, 0x00000000d5580000)
  object space 263680K, 99% used [0x0000000080000000,0x0000000090127d20,0x0000000090180000)
 Metaspace       used 57953K, committed 59200K, reserved 1114112K
  class space    used 5923K, committed 6464K, reserved 1048576K
}
Event: 39.849 GC heap before
{Heap before GC invocations=231 (full 2):
 PSYoungGen      total 4608K, used 4249K [0x00000000d5580000, 0x00000000d5b80000, 0x0000000100000000)
  eden space 3072K, 100% used [0x00000000d5580000,0x00000000d5880000,0x00000000d5880000)
  from space 1536K, 76% used [0x00000000d5a00000,0x00000000d5b26440,0x00000000d5b80000)
  to   space 1536K, 0% used [0x00000000d5880000,0x00000000d5880000,0x00000000d5a00000)
 ParOldGen       total 263680K, used 263327K [0x0000000080000000, 0x0000000090180000, 0x00000000d5580000)
  object space 263680K, 99% used [0x0000000080000000,0x0000000090127d20,0x0000000090180000)
 Metaspace       used 57953K, committed 59200K, reserved 1114112K
  class space    used 5923K, committed 6464K, reserved 1048576K
}
Event: 39.851 GC heap after
{Heap after GC invocations=231 (full 2):
 PSYoungGen      total 4096K, used 928K [0x00000000d5580000, 0x00000000d5a80000, 0x0000000100000000)
  eden space 3072K, 0% used [0x00000000d5580000,0x00000000d5580000,0x00000000d5880000)
  from space 1024K, 90% used [0x00000000d5880000,0x00000000d5968020,0x00000000d5980000)
  to   space 1024K, 0% used [0x00000000d5980000,0x00000000d5980000,0x00000000d5a80000)
 ParOldGen       total 264704K, used 264197K [0x0000000080000000, 0x0000000090280000, 0x00000000d5580000)
  object space 264704K, 99% used [0x0000000080000000,0x0000000090201798,0x0000000090280000)
 Metaspace       used 57953K, committed 59200K, reserved 1114112K
  class space    used 5923K, committed 6464K, reserved 1048576K
}
Event: 39.864 GC heap before
{Heap before GC invocations=232 (full 2):
 PSYoungGen      total 4096K, used 4000K [0x00000000d5580000, 0x00000000d5a80000, 0x0000000100000000)
  eden space 3072K, 100% used [0x00000000d5580000,0x00000000d5880000,0x00000000d5880000)
  from space 1024K, 90% used [0x00000000d5880000,0x00000000d5968020,0x00000000d5980000)
  to   space 1024K, 0% used [0x00000000d5980000,0x00000000d5980000,0x00000000d5a80000)
 ParOldGen       total 264704K, used 264197K [0x0000000080000000, 0x0000000090280000, 0x00000000d5580000)
  object space 264704K, 99% used [0x0000000080000000,0x0000000090201798,0x0000000090280000)
 Metaspace       used 57953K, committed 59200K, reserved 1114112K
  class space    used 5923K, committed 6464K, reserved 1048576K
}

